Nov 04, 2014 1:06:47 PM org.apache.solr.servlet.SolrDispatchFilter init
INFO: SolrDispatchFilter.init()
Nov 04, 2014 1:06:48 PM org.apache.solr.core.SolrResourceLoader locateSolrHome
INFO: JNDI not configured for solr (NoInitialContextEx)
Nov 04, 2014 1:06:48 PM org.apache.solr.core.SolrResourceLoader locateSolrHome
INFO: using system property solr.solr.home: /home/l33t/Sites/Enactus/solr
Nov 04, 2014 1:06:48 PM org.apache.solr.core.CoreContainer$Initializer initialize
INFO: looking for solr.xml: /home/l33t/Sites/Enactus/solr/solr.xml
Nov 04, 2014 1:06:48 PM org.apache.solr.core.CoreContainer <init>
INFO: New CoreContainer 455119019
Nov 04, 2014 1:06:48 PM org.apache.solr.core.CoreContainer load
INFO: Loading CoreContainer using Solr Home: '/home/l33t/Sites/Enactus/solr/'
Nov 04, 2014 1:06:48 PM org.apache.solr.core.SolrResourceLoader <init>
INFO: new SolrResourceLoader for directory: '/home/l33t/Sites/Enactus/solr/'
Nov 04, 2014 1:06:48 PM org.apache.solr.handler.component.HttpShardHandlerFactory getParameter
INFO: Setting socketTimeout to: 0
Nov 04, 2014 1:06:48 PM org.apache.solr.handler.component.HttpShardHandlerFactory getParameter
INFO: Setting urlScheme to: http://
Nov 04, 2014 1:06:48 PM org.apache.solr.handler.component.HttpShardHandlerFactory getParameter
INFO: Setting connTimeout to: 0
Nov 04, 2014 1:06:48 PM org.apache.solr.handler.component.HttpShardHandlerFactory getParameter
INFO: Setting maxConnectionsPerHost to: 20
Nov 04, 2014 1:06:48 PM org.apache.solr.handler.component.HttpShardHandlerFactory getParameter
INFO: Setting corePoolSize to: 0
Nov 04, 2014 1:06:48 PM org.apache.solr.handler.component.HttpShardHandlerFactory getParameter
INFO: Setting maximumPoolSize to: 2147483647
Nov 04, 2014 1:06:48 PM org.apache.solr.handler.component.HttpShardHandlerFactory getParameter
INFO: Setting maxThreadIdleTime to: 5
Nov 04, 2014 1:06:48 PM org.apache.solr.handler.component.HttpShardHandlerFactory getParameter
INFO: Setting sizeOfQueue to: -1
Nov 04, 2014 1:06:48 PM org.apache.solr.handler.component.HttpShardHandlerFactory getParameter
INFO: Setting fairnessPolicy to: false
Nov 04, 2014 1:06:48 PM org.apache.solr.client.solrj.impl.HttpClientUtil createClient
INFO: Creating new http client, config:maxConnectionsPerHost=20&maxConnections=10000&socketTimeout=0&connTimeout=0&retry=false
Nov 04, 2014 1:06:48 PM org.apache.solr.core.CoreContainer load
INFO: Registering Log Listener
Nov 04, 2014 1:06:48 PM org.apache.solr.core.CoreContainer create
INFO: Creating SolrCore 'default' using instanceDir: /home/l33t/Sites/Enactus/solr/.
Nov 04, 2014 1:06:48 PM org.apache.solr.core.CoreContainer create
INFO: Creating SolrCore 'development' using instanceDir: /home/l33t/Sites/Enactus/solr/.
Nov 04, 2014 1:06:48 PM org.apache.solr.core.CoreContainer create
INFO: Creating SolrCore 'test' using instanceDir: /home/l33t/Sites/Enactus/solr/.
Nov 04, 2014 1:06:48 PM org.apache.solr.core.SolrResourceLoader <init>
INFO: new SolrResourceLoader for directory: '/home/l33t/Sites/Enactus/solr/./'
Nov 04, 2014 1:06:48 PM org.apache.solr.core.SolrResourceLoader <init>
INFO: new SolrResourceLoader for directory: '/home/l33t/Sites/Enactus/solr/./'
Nov 04, 2014 1:06:48 PM org.apache.solr.core.SolrResourceLoader <init>
INFO: new SolrResourceLoader for directory: '/home/l33t/Sites/Enactus/solr/./'
Nov 04, 2014 1:06:49 PM org.apache.solr.core.SolrConfig <init>
INFO: Using Lucene MatchVersion: LUCENE_41
Nov 04, 2014 1:06:49 PM org.apache.solr.core.SolrConfig <init>
INFO: Using Lucene MatchVersion: LUCENE_41
Nov 04, 2014 1:06:49 PM org.apache.solr.core.SolrConfig <init>
INFO: Using Lucene MatchVersion: LUCENE_41
Nov 04, 2014 1:06:49 PM org.apache.solr.core.SolrConfig <init>
INFO: Loaded SolrConfig: solrconfig.xml
Nov 04, 2014 1:06:49 PM org.apache.solr.core.SolrConfig <init>
INFO: Loaded SolrConfig: solrconfig.xml
Nov 04, 2014 1:06:49 PM org.apache.solr.schema.IndexSchema readSchema
INFO: Reading Solr Schema
Nov 04, 2014 1:06:49 PM org.apache.solr.schema.IndexSchema readSchema
INFO: Reading Solr Schema
Nov 04, 2014 1:06:49 PM org.apache.solr.core.SolrConfig <init>
INFO: Loaded SolrConfig: solrconfig.xml
Nov 04, 2014 1:06:49 PM org.apache.solr.schema.IndexSchema readSchema
INFO: Reading Solr Schema
Nov 04, 2014 1:06:49 PM org.apache.solr.schema.IndexSchema readSchema
INFO: Schema name=sunspot
Nov 04, 2014 1:06:49 PM org.apache.solr.schema.IndexSchema readSchema
INFO: Schema name=sunspot
Nov 04, 2014 1:06:49 PM org.apache.solr.schema.IndexSchema readSchema
INFO: Schema name=sunspot
Nov 04, 2014 1:06:49 PM org.apache.solr.schema.IndexSchema readSchema
INFO: default search field in schema is text
Nov 04, 2014 1:06:49 PM org.apache.solr.schema.IndexSchema readSchema
INFO: default search field in schema is text
Nov 04, 2014 1:06:49 PM org.apache.solr.schema.IndexSchema readSchema
INFO: query parser default operator is AND
Nov 04, 2014 1:06:49 PM org.apache.solr.schema.IndexSchema readSchema
INFO: unique key field: id
Nov 04, 2014 1:06:49 PM org.apache.solr.schema.IndexSchema readSchema
INFO: query parser default operator is AND
Nov 04, 2014 1:06:49 PM org.apache.solr.schema.IndexSchema readSchema
INFO: default search field in schema is text
Nov 04, 2014 1:06:49 PM org.apache.solr.schema.IndexSchema readSchema
INFO: query parser default operator is AND
Nov 04, 2014 1:06:49 PM org.apache.solr.schema.IndexSchema readSchema
INFO: unique key field: id
Nov 04, 2014 1:06:49 PM org.apache.solr.schema.IndexSchema readSchema
INFO: unique key field: id
Nov 04, 2014 1:06:49 PM org.apache.solr.core.SolrCore <init>
INFO: [development] Opening new SolrCore at /home/l33t/Sites/Enactus/solr/./, dataDir=/home/l33t/Sites/Enactus/solr/./development/data/
Nov 04, 2014 1:06:49 PM org.apache.solr.core.SolrCore <init>
INFO: JMX monitoring not detected for core: development
Nov 04, 2014 1:06:49 PM org.apache.solr.core.SolrCore <init>
INFO: [default] Opening new SolrCore at /home/l33t/Sites/Enactus/solr/./, dataDir=/home/l33t/Sites/Enactus/solr/./default/data/
Nov 04, 2014 1:06:49 PM org.apache.solr.core.SolrCore <init>
INFO: JMX monitoring not detected for core: default
Nov 04, 2014 1:06:49 PM org.apache.solr.core.SolrCore initDirectoryFactory
INFO: solr.NRTCachingDirectoryFactory
Nov 04, 2014 1:06:49 PM org.apache.solr.core.SolrCore initDirectoryFactory
INFO: solr.NRTCachingDirectoryFactory
Nov 04, 2014 1:06:49 PM org.apache.solr.core.SolrCore <init>
INFO: [test] Opening new SolrCore at /home/l33t/Sites/Enactus/solr/./, dataDir=/home/l33t/Sites/Enactus/solr/./test/data/
Nov 04, 2014 1:06:49 PM org.apache.solr.core.SolrCore <init>
INFO: JMX monitoring not detected for core: test
Nov 04, 2014 1:06:49 PM org.apache.solr.core.SolrCore initDirectoryFactory
INFO: solr.NRTCachingDirectoryFactory
Nov 04, 2014 1:06:49 PM org.apache.solr.core.CachingDirectoryFactory get
INFO: return new directory for /home/l33t/Sites/Enactus/solr/./default/data forceNew: false
Nov 04, 2014 1:06:49 PM org.apache.solr.core.CachingDirectoryFactory get
INFO: return new directory for /home/l33t/Sites/Enactus/solr/./development/data forceNew: false
Nov 04, 2014 1:06:49 PM org.apache.solr.core.CachingDirectoryFactory get
INFO: return new directory for /home/l33t/Sites/Enactus/solr/./test/data forceNew: false
Nov 04, 2014 1:06:49 PM org.apache.solr.core.SolrCore getNewIndexDir
INFO: New index directory detected: old=null new=/home/l33t/Sites/Enactus/solr/./development/data/index/
Nov 04, 2014 1:06:49 PM org.apache.solr.core.SolrCore getNewIndexDir
INFO: New index directory detected: old=null new=/home/l33t/Sites/Enactus/solr/./default/data/index/
Nov 04, 2014 1:06:49 PM org.apache.solr.core.SolrCore getNewIndexDir
INFO: New index directory detected: old=null new=/home/l33t/Sites/Enactus/solr/./test/data/index/
Nov 04, 2014 1:06:49 PM org.apache.solr.core.CachingDirectoryFactory get
INFO: return new directory for /home/l33t/Sites/Enactus/solr/./default/data/index forceNew: false
Nov 04, 2014 1:06:49 PM org.apache.solr.core.CachingDirectoryFactory get
INFO: return new directory for /home/l33t/Sites/Enactus/solr/./development/data/index forceNew: false
Nov 04, 2014 1:06:49 PM org.apache.solr.core.CachingDirectoryFactory get
INFO: return new directory for /home/l33t/Sites/Enactus/solr/./test/data/index forceNew: false
Nov 04, 2014 1:06:49 PM org.apache.solr.core.RequestHandlers initHandlersFromConfig
INFO: created /select: solr.SearchHandler
Nov 04, 2014 1:06:49 PM org.apache.solr.core.RequestHandlers initHandlersFromConfig
INFO: created /query: solr.SearchHandler
Nov 04, 2014 1:06:49 PM org.apache.solr.core.RequestHandlers initHandlersFromConfig
INFO: created /select: solr.SearchHandler
Nov 04, 2014 1:06:49 PM org.apache.solr.core.RequestHandlers initHandlersFromConfig
INFO: created /select: solr.SearchHandler
Nov 04, 2014 1:06:49 PM org.apache.solr.core.RequestHandlers initHandlersFromConfig
INFO: created /query: solr.SearchHandler
Nov 04, 2014 1:06:50 PM org.apache.solr.core.RequestHandlers initHandlersFromConfig
INFO: created /get: solr.RealTimeGetHandler
Nov 04, 2014 1:06:50 PM org.apache.solr.core.RequestHandlers initHandlersFromConfig
INFO: created /query: solr.SearchHandler
Nov 04, 2014 1:06:50 PM org.apache.solr.core.RequestHandlers initHandlersFromConfig
INFO: created /get: solr.RealTimeGetHandler
Nov 04, 2014 1:06:50 PM org.apache.solr.core.RequestHandlers initHandlersFromConfig
INFO: created /get: solr.RealTimeGetHandler
Nov 04, 2014 1:06:50 PM org.apache.solr.core.RequestHandlers initHandlersFromConfig
INFO: created /update: solr.UpdateRequestHandler
Nov 04, 2014 1:06:50 PM org.apache.solr.core.RequestHandlers initHandlersFromConfig
INFO: created /update: solr.UpdateRequestHandler
Nov 04, 2014 1:06:50 PM org.apache.solr.core.RequestHandlers initHandlersFromConfig
INFO: created /update: solr.UpdateRequestHandler
Nov 04, 2014 1:06:50 PM org.apache.solr.core.RequestHandlers initHandlersFromConfig
INFO: created /update/json: solr.JsonUpdateRequestHandler
Nov 04, 2014 1:06:50 PM org.apache.solr.core.RequestHandlers initHandlersFromConfig
INFO: created /update/json: solr.JsonUpdateRequestHandler
Nov 04, 2014 1:06:50 PM org.apache.solr.core.RequestHandlers initHandlersFromConfig
INFO: created /update/json: solr.JsonUpdateRequestHandler
Nov 04, 2014 1:06:50 PM org.apache.solr.core.RequestHandlers initHandlersFromConfig
INFO: created /update/csv: solr.CSVRequestHandler
Nov 04, 2014 1:06:50 PM org.apache.solr.core.RequestHandlers initHandlersFromConfig
INFO: adding lazy requestHandler: solr.extraction.ExtractingRequestHandler
Nov 04, 2014 1:06:50 PM org.apache.solr.core.RequestHandlers initHandlersFromConfig
INFO: created /update/csv: solr.CSVRequestHandler
Nov 04, 2014 1:06:50 PM org.apache.solr.core.RequestHandlers initHandlersFromConfig
INFO: created /update/csv: solr.CSVRequestHandler
Nov 04, 2014 1:06:50 PM org.apache.solr.core.RequestHandlers initHandlersFromConfig
INFO: adding lazy requestHandler: solr.extraction.ExtractingRequestHandler
Nov 04, 2014 1:06:50 PM org.apache.solr.core.RequestHandlers initHandlersFromConfig
INFO: created /update/extract: solr.extraction.ExtractingRequestHandler
Nov 04, 2014 1:06:50 PM org.apache.solr.core.RequestHandlers initHandlersFromConfig
INFO: created /update/extract: solr.extraction.ExtractingRequestHandler
Nov 04, 2014 1:06:50 PM org.apache.solr.core.RequestHandlers initHandlersFromConfig
INFO: adding lazy requestHandler: solr.extraction.ExtractingRequestHandler
Nov 04, 2014 1:06:50 PM org.apache.solr.core.RequestHandlers initHandlersFromConfig
INFO: adding lazy requestHandler: solr.FieldAnalysisRequestHandler
Nov 04, 2014 1:06:50 PM org.apache.solr.core.RequestHandlers initHandlersFromConfig
INFO: adding lazy requestHandler: solr.FieldAnalysisRequestHandler
Nov 04, 2014 1:06:50 PM org.apache.solr.core.RequestHandlers initHandlersFromConfig
INFO: created /analysis/field: solr.FieldAnalysisRequestHandler
Nov 04, 2014 1:06:50 PM org.apache.solr.core.RequestHandlers initHandlersFromConfig
INFO: created /update/extract: solr.extraction.ExtractingRequestHandler
Nov 04, 2014 1:06:50 PM org.apache.solr.core.RequestHandlers initHandlersFromConfig
INFO: adding lazy requestHandler: solr.DocumentAnalysisRequestHandler
Nov 04, 2014 1:06:50 PM org.apache.solr.core.RequestHandlers initHandlersFromConfig
INFO: created /analysis/field: solr.FieldAnalysisRequestHandler
Nov 04, 2014 1:06:50 PM org.apache.solr.core.RequestHandlers initHandlersFromConfig
INFO: created /analysis/document: solr.DocumentAnalysisRequestHandler
Nov 04, 2014 1:06:50 PM org.apache.solr.core.RequestHandlers initHandlersFromConfig
INFO: adding lazy requestHandler: solr.FieldAnalysisRequestHandler
Nov 04, 2014 1:06:50 PM org.apache.solr.core.RequestHandlers initHandlersFromConfig
INFO: adding lazy requestHandler: solr.DocumentAnalysisRequestHandler
Nov 04, 2014 1:06:50 PM org.apache.solr.core.RequestHandlers initHandlersFromConfig
INFO: created /analysis/field: solr.FieldAnalysisRequestHandler
Nov 04, 2014 1:06:50 PM org.apache.solr.core.RequestHandlers initHandlersFromConfig
INFO: created /analysis/document: solr.DocumentAnalysisRequestHandler
Nov 04, 2014 1:06:50 PM org.apache.solr.core.RequestHandlers initHandlersFromConfig
INFO: created /admin/ping: solr.PingRequestHandler
Nov 04, 2014 1:06:50 PM org.apache.solr.core.RequestHandlers initHandlersFromConfig
INFO: adding lazy requestHandler: solr.DocumentAnalysisRequestHandler
Nov 04, 2014 1:06:50 PM org.apache.solr.core.RequestHandlers initHandlersFromConfig
INFO: created /admin/ping: solr.PingRequestHandler
Nov 04, 2014 1:06:50 PM org.apache.solr.core.RequestHandlers initHandlersFromConfig
INFO: created /analysis/document: solr.DocumentAnalysisRequestHandler
Nov 04, 2014 1:06:50 PM org.apache.solr.core.RequestHandlers initHandlersFromConfig
INFO: created /debug/dump: solr.DumpRequestHandler
Nov 04, 2014 1:06:50 PM org.apache.solr.core.RequestHandlers initHandlersFromConfig
INFO: created /admin/ping: solr.PingRequestHandler
Nov 04, 2014 1:06:50 PM org.apache.solr.core.RequestHandlers initHandlersFromConfig
INFO: created /debug/dump: solr.DumpRequestHandler
Nov 04, 2014 1:06:50 PM org.apache.solr.core.RequestHandlers initHandlersFromConfig
INFO: created /debug/dump: solr.DumpRequestHandler
Nov 04, 2014 1:06:50 PM org.apache.solr.core.RequestHandlers initHandlersFromConfig
INFO: created /replication: solr.ReplicationHandler
Nov 04, 2014 1:06:50 PM org.apache.solr.core.RequestHandlers initHandlersFromConfig
INFO: created /replication: solr.ReplicationHandler
Nov 04, 2014 1:06:50 PM org.apache.solr.core.RequestHandlers initHandlersFromConfig
INFO: created /replication: solr.ReplicationHandler
Nov 04, 2014 1:06:50 PM org.apache.solr.core.RequestHandlers initHandlersFromConfig
INFO: created /mlt: solr.MoreLikeThisHandler
Nov 04, 2014 1:06:50 PM org.apache.solr.core.RequestHandlers initHandlersFromConfig
INFO: created /mlt: solr.MoreLikeThisHandler
Nov 04, 2014 1:06:50 PM org.apache.solr.core.RequestHandlers initHandlersFromConfig
INFO: created /mlt: solr.MoreLikeThisHandler
Nov 04, 2014 1:06:50 PM org.apache.solr.core.RequestHandlers initHandlersFromConfig
INFO: created /admin/: solr.admin.AdminHandlers
Nov 04, 2014 1:06:50 PM org.apache.solr.core.RequestHandlers initHandlersFromConfig
INFO: created /admin/: solr.admin.AdminHandlers
Nov 04, 2014 1:06:50 PM org.apache.solr.core.RequestHandlers initHandlersFromConfig
INFO: created /admin/: solr.admin.AdminHandlers
Nov 04, 2014 1:06:50 PM org.apache.solr.handler.loader.XMLLoader init
INFO: xsltCacheLifetimeSeconds=60
Nov 04, 2014 1:06:50 PM org.apache.solr.handler.loader.XMLLoader init
INFO: xsltCacheLifetimeSeconds=60
Nov 04, 2014 1:06:50 PM org.apache.solr.handler.loader.XMLLoader init
INFO: xsltCacheLifetimeSeconds=60
Nov 04, 2014 1:06:50 PM org.apache.solr.handler.loader.XMLLoader init
INFO: xsltCacheLifetimeSeconds=60
Nov 04, 2014 1:06:50 PM org.apache.solr.handler.loader.XMLLoader init
INFO: xsltCacheLifetimeSeconds=60
Nov 04, 2014 1:06:50 PM org.apache.solr.handler.loader.XMLLoader init
INFO: xsltCacheLifetimeSeconds=60
Nov 04, 2014 1:06:50 PM org.apache.solr.handler.loader.XMLLoader init
INFO: xsltCacheLifetimeSeconds=60
Nov 04, 2014 1:06:50 PM org.apache.solr.handler.loader.XMLLoader init
INFO: xsltCacheLifetimeSeconds=60
Nov 04, 2014 1:06:50 PM org.apache.solr.handler.loader.XMLLoader init
INFO: xsltCacheLifetimeSeconds=60
Nov 04, 2014 1:06:50 PM org.apache.solr.search.SolrIndexSearcher <init>
INFO: Opening Searcher@603914ca main
Nov 04, 2014 1:06:50 PM org.apache.solr.search.SolrIndexSearcher <init>
INFO: Opening Searcher@4f753a5d main
Nov 04, 2014 1:06:50 PM org.apache.solr.update.CommitTracker <init>
INFO: Hard AutoCommit: if uncommited for 15000ms; 
Nov 04, 2014 1:06:50 PM org.apache.solr.update.CommitTracker <init>
INFO: Hard AutoCommit: if uncommited for 15000ms; 
Nov 04, 2014 1:06:50 PM org.apache.solr.update.CommitTracker <init>
INFO: Soft AutoCommit: if uncommited for 5000ms; 
Nov 04, 2014 1:06:50 PM org.apache.solr.update.CommitTracker <init>
INFO: Soft AutoCommit: if uncommited for 5000ms; 
Nov 04, 2014 1:06:50 PM org.apache.solr.handler.component.SpellCheckComponent inform
INFO: Initializing spell checkers
Nov 04, 2014 1:06:50 PM org.apache.solr.handler.component.SpellCheckComponent inform
INFO: Initializing spell checkers
Nov 04, 2014 1:06:50 PM org.apache.solr.spelling.DirectSolrSpellChecker init
INFO: init: {name=default,field=name,classname=solr.DirectSolrSpellChecker,distanceMeasure=internal,accuracy=0.5,maxEdits=2,minPrefix=1,maxInspections=5,minQueryLength=4,maxQueryFrequency=0.01}
Nov 04, 2014 1:06:50 PM org.apache.solr.spelling.DirectSolrSpellChecker init
INFO: init: {name=default,field=name,classname=solr.DirectSolrSpellChecker,distanceMeasure=internal,accuracy=0.5,maxEdits=2,minPrefix=1,maxInspections=5,minQueryLength=4,maxQueryFrequency=0.01}
Nov 04, 2014 1:06:50 PM org.apache.solr.handler.component.SpellCheckComponent inform
INFO: No queryConverter defined, using default converter
Nov 04, 2014 1:06:50 PM org.apache.solr.handler.component.SpellCheckComponent inform
INFO: No queryConverter defined, using default converter
Nov 04, 2014 1:06:50 PM org.apache.solr.handler.ReplicationHandler inform
INFO: Commits will be reserved for  10000
Nov 04, 2014 1:06:50 PM org.apache.solr.handler.ReplicationHandler inform
INFO: Commits will be reserved for  10000
Nov 04, 2014 1:06:50 PM org.apache.solr.search.SolrIndexSearcher <init>
INFO: Opening Searcher@4fbbb855 main
Nov 04, 2014 1:06:50 PM org.apache.solr.core.SolrCore registerSearcher
INFO: [test] Registered new searcher Searcher@4f753a5d main{StandardDirectoryReader(segments_1:1)}
Nov 04, 2014 1:06:50 PM org.apache.solr.core.CoreContainer registerCore
INFO: registering core: test
Nov 04, 2014 1:06:50 PM org.apache.solr.core.CoreContainer registerCore
INFO: registering core: default
Nov 04, 2014 1:06:50 PM org.apache.solr.core.SolrCore registerSearcher
INFO: [default] Registered new searcher Searcher@603914ca main{StandardDirectoryReader(segments_2:1)}
Nov 04, 2014 1:06:50 PM org.apache.solr.update.CommitTracker <init>
INFO: Hard AutoCommit: if uncommited for 15000ms; 
Nov 04, 2014 1:06:50 PM org.apache.solr.update.CommitTracker <init>
INFO: Soft AutoCommit: if uncommited for 5000ms; 
Nov 04, 2014 1:06:50 PM org.apache.solr.handler.component.SpellCheckComponent inform
INFO: Initializing spell checkers
Nov 04, 2014 1:06:50 PM org.apache.solr.spelling.DirectSolrSpellChecker init
INFO: init: {name=default,field=name,classname=solr.DirectSolrSpellChecker,distanceMeasure=internal,accuracy=0.5,maxEdits=2,minPrefix=1,maxInspections=5,minQueryLength=4,maxQueryFrequency=0.01}
Nov 04, 2014 1:06:50 PM org.apache.solr.handler.component.SpellCheckComponent inform
INFO: No queryConverter defined, using default converter
Nov 04, 2014 1:06:50 PM org.apache.solr.handler.ReplicationHandler inform
INFO: Commits will be reserved for  10000
Nov 04, 2014 1:06:50 PM org.apache.solr.core.SolrCore registerSearcher
INFO: [development] Registered new searcher Searcher@4fbbb855 main{StandardDirectoryReader(segments_4:13 _4(4.2):C4 _5(4.2):C1)}
Nov 04, 2014 1:06:50 PM org.apache.solr.core.CoreContainer registerCore
INFO: registering core: development
Nov 04, 2014 1:06:50 PM org.apache.solr.servlet.SolrDispatchFilter init
INFO: user.dir=/home/l33t/.rvm/gems/ruby-2.1.2/gems/sunspot_solr-2.1.1/solr
Nov 04, 2014 1:06:50 PM org.apache.solr.servlet.SolrDispatchFilter init
INFO: SolrDispatchFilter.init() done
Nov 04, 2014 1:06:51 PM org.apache.solr.core.SolrCore execute
INFO: [development] webapp=/solr path=/select params={start=0&q=*:*&wt=ruby&fq=type:Item&rows=30} hits=5 status=0 QTime=187 
Nov 04, 2014 1:06:55 PM org.apache.solr.core.SolrCore execute
INFO: [development] webapp=/solr path=/select params={fl=*+score&start=0&q=Cola&qf=item_name_text&wt=ruby&fq=type:Item&rows=30&defType=edismax} hits=1 status=0 QTime=29 
Nov 04, 2014 1:07:01 PM org.apache.solr.core.SolrCore execute
INFO: [development] webapp=/solr path=/select params={start=0&q=*:*&wt=ruby&fq=type:Item&rows=30} hits=5 status=0 QTime=0 
Nov 04, 2014 1:07:25 PM org.apache.solr.core.SolrCore execute
INFO: [development] webapp=/solr path=/select params={start=0&q=*:*&wt=ruby&fq=type:Item&rows=30} hits=5 status=0 QTime=0 
Nov 04, 2014 1:13:31 PM org.apache.solr.core.SolrCore execute
INFO: [development] webapp=/solr path=/select params={start=0&q=*:*&wt=ruby&fq=type:Item&rows=30} hits=5 status=0 QTime=1 
Nov 04, 2014 1:13:40 PM org.apache.solr.core.SolrDeletionPolicy onInit
INFO: SolrDeletionPolicy.onInit: commits:num=1
	commit{dir=NRTCachingDirectory(org.apache.lucene.store.MMapDirectory@/home/l33t/Sites/Enactus/solr/development/data/index lockFactory=org.apache.lucene.store.NativeFSLockFactory@1e835f05; maxCacheMB=48.0 maxMergeSizeMB=4.0),segFN=segments_4,generation=4,filenames=[_5.fnm, _5.fdt, _5_Lucene41_0.tim, _4_Lucene41_0.doc, _5_Lucene41_0.tip, _5_Lucene41_0.pos, _4.fnm, _4.si, _4.fdt, _4_Lucene41_0.tip, _4_Lucene41_0.tim, _4.fdx, _5.si, _5.nvm, _4.nvd, _5_Lucene41_0.doc, _5.fdx, _4_Lucene41_0.pos, _5.nvd, _4.nvm, segments_4]
Nov 04, 2014 1:13:40 PM org.apache.solr.core.SolrDeletionPolicy updateCommits
INFO: newest commit = 4[_5.fnm, _5.fdt, _5_Lucene41_0.tim, _4_Lucene41_0.doc, _5_Lucene41_0.tip, _5_Lucene41_0.pos, _4.fnm, _4.si, _4.fdt, _4_Lucene41_0.tip, _4_Lucene41_0.tim, _4.fdx, _5.si, _5.nvm, _4.nvd, _5_Lucene41_0.doc, _5.fdx, _4_Lucene41_0.pos, _5.nvd, _4.nvm, segments_4]
Nov 04, 2014 1:13:40 PM org.apache.solr.update.processor.LogUpdateProcessor finish
INFO: [development] webapp=/solr path=/update params={wt=ruby} {add=[Item 6 (1483839499992563712)]} 0 127
Nov 04, 2014 1:13:41 PM org.apache.solr.update.DirectUpdateHandler2 commit
INFO: start commit{,optimize=false,openSearcher=true,waitSearcher=true,expungeDeletes=false,softCommit=false,prepareCommit=false}
Nov 04, 2014 1:13:41 PM org.apache.solr.core.SolrDeletionPolicy onCommit
INFO: SolrDeletionPolicy.onCommit: commits:num=2
	commit{dir=NRTCachingDirectory(org.apache.lucene.store.MMapDirectory@/home/l33t/Sites/Enactus/solr/development/data/index lockFactory=org.apache.lucene.store.NativeFSLockFactory@1e835f05; maxCacheMB=48.0 maxMergeSizeMB=4.0),segFN=segments_4,generation=4,filenames=[_5.fnm, _5.fdt, _5_Lucene41_0.tim, _4_Lucene41_0.doc, _5_Lucene41_0.tip, _5_Lucene41_0.pos, _4.fnm, _4.si, _4.fdt, _4_Lucene41_0.tip, _4_Lucene41_0.tim, _4.fdx, _5.si, _5.nvm, _4.nvd, _5_Lucene41_0.doc, _5.fdx, _4_Lucene41_0.pos, _5.nvd, _4.nvm, segments_4]
	commit{dir=NRTCachingDirectory(org.apache.lucene.store.MMapDirectory@/home/l33t/Sites/Enactus/solr/development/data/index lockFactory=org.apache.lucene.store.NativeFSLockFactory@1e835f05; maxCacheMB=48.0 maxMergeSizeMB=4.0),segFN=segments_5,generation=5,filenames=[_5.fdt, _5_Lucene41_0.tim, _4_Lucene41_0.doc, _5_Lucene41_0.pos, _5_Lucene41_0.tip, _6.fdx, _4.fnm, _6_Lucene41_0.tim, _6_Lucene41_0.tip, _4.fdx, _5.nvm, _5_Lucene41_0.doc, _4_Lucene41_0.pos, _5.nvd, _6.nvd, _5.fnm, _6_Lucene41_0.doc, _6.nvm, _4.fdt, _4.si, _4_Lucene41_0.tip, _4_Lucene41_0.tim, _5.si, _4.nvd, _5.fdx, _6.si, _6.fnm, _6.fdt, segments_5, _6_Lucene41_0.pos, _4.nvm]
Nov 04, 2014 1:13:41 PM org.apache.solr.core.SolrDeletionPolicy updateCommits
INFO: newest commit = 5[_5.fdt, _5_Lucene41_0.tim, _4_Lucene41_0.doc, _5_Lucene41_0.pos, _5_Lucene41_0.tip, _6.fdx, _4.fnm, _6_Lucene41_0.tim, _6_Lucene41_0.tip, _4.fdx, _5.nvm, _5_Lucene41_0.doc, _4_Lucene41_0.pos, _5.nvd, _6.nvd, _5.fnm, _6_Lucene41_0.doc, _6.nvm, _4.fdt, _4.si, _4_Lucene41_0.tip, _4_Lucene41_0.tim, _5.si, _4.nvd, _5.fdx, _6.si, _6.fnm, _6.fdt, segments_5, _6_Lucene41_0.pos, _4.nvm]
Nov 04, 2014 1:13:41 PM org.apache.solr.search.SolrIndexSearcher <init>
INFO: Opening Searcher@68394482 main
Nov 04, 2014 1:13:41 PM org.apache.solr.update.DirectUpdateHandler2 commit
INFO: end_commit_flush
Nov 04, 2014 1:13:41 PM org.apache.solr.core.SolrCore registerSearcher
INFO: [development] Registered new searcher Searcher@68394482 main{StandardDirectoryReader(segments_5:15 _4(4.2):C4 _5(4.2):C1 _6(4.2):C1)}
Nov 04, 2014 1:13:41 PM org.apache.solr.update.processor.LogUpdateProcessor finish
INFO: [development] webapp=/solr path=/update params={wt=ruby} {commit=} 0 539
Nov 04, 2014 1:13:41 PM org.apache.solr.core.SolrCore execute
INFO: [development] webapp=/solr path=/select params={start=0&q=*:*&wt=ruby&fq=type:Item&rows=30} hits=6 status=0 QTime=1 
